[[1;34mINFO[m] Scanning for projects...
[[1;34mINFO[m] 
[[1;34mINFO[m] [1m-------------------< [0;36mjdss.trivia.microservice:core[0;1m >--------------------[m
[[1;34mINFO[m] [1mBuilding core 0.0.1-SNAPSHOT[m
[[1;34mINFO[m] [1m--------------------------------[ jar ]---------------------------------[m
[[1;34mINFO[m] 
[[1;34mINFO[m] [1m>>> [0;32mspring-boot-maven-plugin:2.3.4.RELEASE:run[m [1m(default-cli)[0;1m > [0;1mtest-compile[m @ [36mcore[0;1m >>>[m
[[1;34mINFO[m] 
[[1;34mINFO[m] [1m--- [0;32mmaven-resources-plugin:3.1.0:resources[m [1m(default-resources)[m @ [36mcore[0;1m ---[m
[[1;34mINFO[m] Using 'UTF-8' encoding to copy filtered resources.
[[1;34mINFO[m] Copying 3 resources
[[1;34mINFO[m] Copying 3 resources
[[1;34mINFO[m] 
[[1;34mINFO[m] [1m--- [0;32mmaven-compiler-plugin:3.8.1:compile[m [1m(default-compile)[m @ [36mcore[0;1m ---[m
[[1;34mINFO[m] Nothing to compile - all classes are up to date
[[1;34mINFO[m] 
[[1;34mINFO[m] [1m--- [0;32mmaven-resources-plugin:3.1.0:testResources[m [1m(default-testResources)[m @ [36mcore[0;1m ---[m
[[1;34mINFO[m] Using 'UTF-8' encoding to copy filtered resources.
[[1;34mINFO[m] skip non existing resourceDirectory /home/javiersantos/workspace/trivia-game/build/../core/src/test/resources
[[1;34mINFO[m] 
[[1;34mINFO[m] [1m--- [0;32mmaven-compiler-plugin:3.8.1:testCompile[m [1m(default-testCompile)[m @ [36mcore[0;1m ---[m
[[1;34mINFO[m] Changes detected - recompiling the module!
[[1;34mINFO[m] Compiling 1 source file to /home/javiersantos/workspace/trivia-game/build/../core/target/test-classes
[[1;34mINFO[m] 
[[1;34mINFO[m] [1m<<< [0;32mspring-boot-maven-plugin:2.3.4.RELEASE:run[m [1m(default-cli)[0;1m < [0;1mtest-compile[m @ [36mcore[0;1m <<<[m
[[1;34mINFO[m] 
[[1;34mINFO[m] 
[[1;34mINFO[m] [1m--- [0;32mspring-boot-maven-plugin:2.3.4.RELEASE:run[m [1m(default-cli)[m @ [36mcore[0;1m ---[m
[[1;34mINFO[m] Attaching agents: []

  .   ____          _            __ _ _
 /\\ / ___'_ __ _ _(_)_ __  __ _ \ \ \ \
( ( )\___ | '_ | '_| | '_ \/ _` | \ \ \ \
 \\/  ___)| |_)| | | | | || (_| |  ) ) ) )
  '  |____| .__|_| |_|_| |_\__, | / / / /
 =========|_|==============|___/=/_/_/_/
 :: Spring Boot ::        (v2.3.4.RELEASE)

2020-10-18 17:00:26.090  INFO 25620 --- [           main] j.t.microservice.core.CoreApplication    : Starting CoreApplication on javiersantos with PID 25620 (/home/javiersantos/workspace/trivia-game/core/target/classes started by javiersantos in /home/javiersantos/workspace/trivia-game/core)
2020-10-18 17:00:26.091  INFO 25620 --- [           main] j.t.microservice.core.CoreApplication    : The following profiles are active: dev
2020-10-18 17:00:26.381  INFO 25620 --- [           main] .s.d.r.c.RepositoryConfigurationDelegate : Bootstrapping Spring Data JPA repositories in DEFERRED mode.
2020-10-18 17:00:26.424  INFO 25620 --- [           main] .s.d.r.c.RepositoryConfigurationDelegate : Finished Spring Data repository scanning in 38ms. Found 1 JPA repository interfaces.
2020-10-18 17:00:26.678  INFO 25620 --- [           main] o.s.b.w.embedded.tomcat.TomcatWebServer  : Tomcat initialized with port(s): 8080 (http)
2020-10-18 17:00:26.682  INFO 25620 --- [           main] o.apache.catalina.core.StandardService   : Starting service [Tomcat]
2020-10-18 17:00:26.683  INFO 25620 --- [           main] org.apache.catalina.core.StandardEngine  : Starting Servlet engine: [Apache Tomcat/9.0.38]
2020-10-18 17:00:26.716  INFO 25620 --- [           main] o.a.c.c.C.[Tomcat].[localhost].[/]       : Initializing Spring embedded WebApplicationContext
2020-10-18 17:00:26.716  INFO 25620 --- [           main] w.s.c.ServletWebServerApplicationContext : Root WebApplicationContext: initialization completed in 597 ms
2020-10-18 17:00:26.770  INFO 25620 --- [           main] com.zaxxer.hikari.HikariDataSource       : HikariPool-1 - Starting...
2020-10-18 17:00:26.793  INFO 25620 --- [           main] com.zaxxer.hikari.HikariDataSource       : HikariPool-1 - Start completed.
2020-10-18 17:00:27.341  INFO 25620 --- [           main] liquibase.executor.jvm.JdbcExecutor      : SELECT COUNT(*) FROM trivia.DATABASECHANGELOGLOCK
2020-10-18 17:00:27.352  INFO 25620 --- [           main] liquibase.executor.jvm.JdbcExecutor      : CREATE TABLE trivia.DATABASECHANGELOGLOCK (ID INT NOT NULL, `LOCKED` BIT(1) NOT NULL, LOCKGRANTED datetime NULL, LOCKEDBY VARCHAR(255) NULL, CONSTRAINT PK_DATABASECHANGELOGLOCK PRIMARY KEY (ID))
2020-10-18 17:00:27.375  INFO 25620 --- [           main] liquibase.executor.jvm.JdbcExecutor      : SELECT COUNT(*) FROM trivia.DATABASECHANGELOGLOCK
2020-10-18 17:00:27.380  INFO 25620 --- [           main] liquibase.executor.jvm.JdbcExecutor      : DELETE FROM trivia.DATABASECHANGELOGLOCK
2020-10-18 17:00:27.380  INFO 25620 --- [           main] liquibase.executor.jvm.JdbcExecutor      : INSERT INTO trivia.DATABASECHANGELOGLOCK (ID, `LOCKED`) VALUES (1, 0)
2020-10-18 17:00:27.383  INFO 25620 --- [           main] liquibase.executor.jvm.JdbcExecutor      : SELECT `LOCKED` FROM trivia.DATABASECHANGELOGLOCK WHERE ID=1
2020-10-18 17:00:27.391  INFO 25620 --- [           main] l.lockservice.StandardLockService        : Successfully acquired change log lock
2020-10-18 17:00:28.371  INFO 25620 --- [           main] l.c.StandardChangeLogHistoryService      : Creating database history table with name: trivia.DATABASECHANGELOG
2020-10-18 17:00:28.373  INFO 25620 --- [           main] liquibase.executor.jvm.JdbcExecutor      : CREATE TABLE trivia.DATABASECHANGELOG (ID VARCHAR(255) NOT NULL, AUTHOR VARCHAR(255) NOT NULL, FILENAME VARCHAR(255) NOT NULL, DATEEXECUTED datetime NOT NULL, ORDEREXECUTED INT NOT NULL, EXECTYPE VARCHAR(10) NOT NULL, MD5SUM VARCHAR(35) NULL, `DESCRIPTION` VARCHAR(255) NULL, COMMENTS VARCHAR(255) NULL, TAG VARCHAR(255) NULL, LIQUIBASE VARCHAR(20) NULL, CONTEXTS VARCHAR(255) NULL, LABELS VARCHAR(255) NULL, DEPLOYMENT_ID VARCHAR(10) NULL)
2020-10-18 17:00:28.393  INFO 25620 --- [           main] liquibase.executor.jvm.JdbcExecutor      : SELECT COUNT(*) FROM trivia.DATABASECHANGELOG
2020-10-18 17:00:28.395  INFO 25620 --- [           main] l.c.StandardChangeLogHistoryService      : Reading from trivia.DATABASECHANGELOG
2020-10-18 17:00:28.396  INFO 25620 --- [           main] liquibase.executor.jvm.JdbcExecutor      : SELECT * FROM trivia.DATABASECHANGELOG ORDER BY DATEEXECUTED ASC, ORDEREXECUTED ASC
2020-10-18 17:00:28.397  INFO 25620 --- [           main] liquibase.executor.jvm.JdbcExecutor      : SELECT COUNT(*) FROM trivia.DATABASECHANGELOGLOCK
2020-10-18 17:00:28.408  INFO 25620 --- [           main] liquibase.executor.jvm.JdbcExecutor      : CREATE TABLE trivia.scoreboard (id BIGINT AUTO_INCREMENT NOT NULL, name VARCHAR(100) NOT NULL COMMENT 'Name of user', score INT DEFAULT 0 NULL COMMENT 'field to store score', time INT NOT NULL COMMENT 'The game duration', CONSTRAINT PK_SCOREBOARD PRIMARY KEY (id)) COMMENT='Table to storage the score for all users.'
2020-10-18 17:00:28.428  INFO 25620 --- [           main] liquibase.executor.jvm.JdbcExecutor      : ALTER TABLE trivia.scoreboard COMMENT = 'Table to storage the score for all users.'
2020-10-18 17:00:28.441  INFO 25620 --- [           main] liquibase.changelog.ChangeSet            : Table scoreboard created
2020-10-18 17:00:28.442  INFO 25620 --- [           main] liquibase.changelog.ChangeSet            : ChangeSet db/changelog/install/score-board-table.xml::1::Javier Santos ran successfully in 34ms
2020-10-18 17:00:28.443  INFO 25620 --- [           main] liquibase.executor.jvm.JdbcExecutor      : SELECT MAX(ORDEREXECUTED) FROM trivia.DATABASECHANGELOG
2020-10-18 17:00:28.444  INFO 25620 --- [           main] liquibase.executor.jvm.JdbcExecutor      : INSERT INTO trivia.DATABASECHANGELOG (ID, AUTHOR, FILENAME, DATEEXECUTED, ORDEREXECUTED, MD5SUM, `DESCRIPTION`, COMMENTS, EXECTYPE, CONTEXTS, LABELS, LIQUIBASE, DEPLOYMENT_ID) VALUES ('1', 'Javier Santos', 'db/changelog/install/score-board-table.xml', NOW(), 1, '8:8aa2e987d1f197b6c6a0b04cac3b7564', 'createTable tableName=scoreboard', 'Creating score-board table...', 'EXECUTED', NULL, NULL, '3.8.9', '3058428398')
2020-10-18 17:00:28.464  INFO 25620 --- [           main] l.lockservice.StandardLockService        : Successfully released change log lock
2020-10-18 17:00:28.533  INFO 25620 --- [           main] o.s.s.concurrent.ThreadPoolTaskExecutor  : Initializing ExecutorService 'applicationTaskExecutor'
2020-10-18 17:00:28.553  INFO 25620 --- [         task-1] o.hibernate.jpa.internal.util.LogHelper  : HHH000204: Processing PersistenceUnitInfo [name: default]
2020-10-18 17:00:28.579  INFO 25620 --- [         task-1] org.hibernate.Version                    : HHH000412: Hibernate ORM core version 5.4.21.Final
2020-10-18 17:00:28.606  WARN 25620 --- [           main] JpaBaseConfiguration$JpaWebConfiguration : spring.jpa.open-in-view is enabled by default. Therefore, database queries may be performed during view rendering. Explicitly configure spring.jpa.open-in-view to disable this warning
2020-10-18 17:00:28.646  INFO 25620 --- [         task-1] o.hibernate.annotations.common.Version   : HCANN000001: Hibernate Commons Annotations {5.1.0.Final}
2020-10-18 17:00:28.707  INFO 25620 --- [         task-1] org.hibernate.dialect.Dialect            : HHH000400: Using dialect: org.hibernate.dialect.MariaDB103Dialect
2020-10-18 17:00:28.775  INFO 25620 --- [           main] o.s.b.w.embedded.tomcat.TomcatWebServer  : Tomcat started on port(s): 8080 (http) with context path ''
2020-10-18 17:00:28.776  INFO 25620 --- [           main] DeferredRepositoryInitializationListener : Triggering deferred initialization of Spring Data repositories…
2020-10-18 17:00:28.987  INFO 25620 --- [         task-1] o.h.e.t.j.p.i.JtaPlatformInitiator       : HHH000490: Using JtaPlatform implementation: [org.hibernate.engine.transaction.jta.platform.internal.NoJtaPlatform]
2020-10-18 17:00:28.991  INFO 25620 --- [         task-1] j.LocalContainerEntityManagerFactoryBean : Initialized JPA EntityManagerFactory for persistence unit 'default'
2020-10-18 17:00:29.154  INFO 25620 --- [           main] DeferredRepositoryInitializationListener : Spring Data repositories initialized!
2020-10-18 17:00:29.159  INFO 25620 --- [           main] j.t.microservice.core.CoreApplication    : Started CoreApplication in 3.305 seconds (JVM running for 3.494)
2020-10-18 17:02:55.302  INFO 25620 --- [nio-8080-exec-1] o.a.c.c.C.[Tomcat].[localhost].[/]       : Initializing Spring DispatcherServlet 'dispatcherServlet'
2020-10-18 17:02:55.302  INFO 25620 --- [nio-8080-exec-1] o.s.web.servlet.DispatcherServlet        : Initializing Servlet 'dispatcherServlet'
2020-10-18 17:02:55.307  INFO 25620 --- [nio-8080-exec-1] o.s.web.servlet.DispatcherServlet        : Completed initialization in 5 ms
[[1;34mINFO[m] Scanning for projects...
[[1;34mINFO[m] 
[[1;34mINFO[m] [1m-------------------< [0;36mjdss.trivia.microservice:core[0;1m >--------------------[m
[[1;34mINFO[m] [1mBuilding core 0.0.1-SNAPSHOT[m
[[1;34mINFO[m] [1m--------------------------------[ jar ]---------------------------------[m
[[1;34mINFO[m] 
[[1;34mINFO[m] [1m>>> [0;32mspring-boot-maven-plugin:2.3.4.RELEASE:run[m [1m(default-cli)[0;1m > [0;1mtest-compile[m @ [36mcore[0;1m >>>[m
[[1;34mINFO[m] 
[[1;34mINFO[m] [1m--- [0;32mmaven-resources-plugin:3.1.0:resources[m [1m(default-resources)[m @ [36mcore[0;1m ---[m
[[1;34mINFO[m] Using 'UTF-8' encoding to copy filtered resources.
[[1;34mINFO[m] Copying 3 resources
[[1;34mINFO[m] Copying 3 resources
[[1;34mINFO[m] 
[[1;34mINFO[m] [1m--- [0;32mmaven-compiler-plugin:3.8.1:compile[m [1m(default-compile)[m @ [36mcore[0;1m ---[m
[[1;34mINFO[m] Nothing to compile - all classes are up to date
[[1;34mINFO[m] 
[[1;34mINFO[m] [1m--- [0;32mmaven-resources-plugin:3.1.0:testResources[m [1m(default-testResources)[m @ [36mcore[0;1m ---[m
[[1;34mINFO[m] Using 'UTF-8' encoding to copy filtered resources.
[[1;34mINFO[m] skip non existing resourceDirectory /home/javiersantos/workspace/trivia-game/build/../core/src/test/resources
[[1;34mINFO[m] 
[[1;34mINFO[m] [1m--- [0;32mmaven-compiler-plugin:3.8.1:testCompile[m [1m(default-testCompile)[m @ [36mcore[0;1m ---[m
[[1;34mINFO[m] Changes detected - recompiling the module!
[[1;34mINFO[m] Compiling 1 source file to /home/javiersantos/workspace/trivia-game/build/../core/target/test-classes
[[1;34mINFO[m] 
[[1;34mINFO[m] [1m<<< [0;32mspring-boot-maven-plugin:2.3.4.RELEASE:run[m [1m(default-cli)[0;1m < [0;1mtest-compile[m @ [36mcore[0;1m <<<[m
[[1;34mINFO[m] 
[[1;34mINFO[m] 
[[1;34mINFO[m] [1m--- [0;32mspring-boot-maven-plugin:2.3.4.RELEASE:run[m [1m(default-cli)[m @ [36mcore[0;1m ---[m
[[1;34mINFO[m] Attaching agents: []

  .   ____          _            __ _ _
 /\\ / ___'_ __ _ _(_)_ __  __ _ \ \ \ \
( ( )\___ | '_ | '_| | '_ \/ _` | \ \ \ \
 \\/  ___)| |_)| | | | | || (_| |  ) ) ) )
  '  |____| .__|_| |_|_| |_\__, | / / / /
 =========|_|==============|___/=/_/_/_/
 :: Spring Boot ::        (v2.3.4.RELEASE)

2020-10-18 19:51:47.951  INFO 7318 --- [           main] j.t.microservice.core.CoreApplication    : Starting CoreApplication on javiersantos with PID 7318 (/home/javiersantos/workspace/trivia-game/core/target/classes started by javiersantos in /home/javiersantos/workspace/trivia-game/core)
2020-10-18 19:51:47.952  INFO 7318 --- [           main] j.t.microservice.core.CoreApplication    : The following profiles are active: dev
2020-10-18 19:51:48.260  INFO 7318 --- [           main] .s.d.r.c.RepositoryConfigurationDelegate : Bootstrapping Spring Data JPA repositories in DEFERRED mode.
2020-10-18 19:51:48.305  INFO 7318 --- [           main] .s.d.r.c.RepositoryConfigurationDelegate : Finished Spring Data repository scanning in 40ms. Found 1 JPA repository interfaces.
2020-10-18 19:51:48.575  INFO 7318 --- [           main] o.s.b.w.embedded.tomcat.TomcatWebServer  : Tomcat initialized with port(s): 8080 (http)
2020-10-18 19:51:48.580  INFO 7318 --- [           main] o.apache.catalina.core.StandardService   : Starting service [Tomcat]
2020-10-18 19:51:48.580  INFO 7318 --- [           main] org.apache.catalina.core.StandardEngine  : Starting Servlet engine: [Apache Tomcat/9.0.38]
2020-10-18 19:51:48.614  INFO 7318 --- [           main] o.a.c.c.C.[Tomcat].[localhost].[/]       : Initializing Spring embedded WebApplicationContext
2020-10-18 19:51:48.614  INFO 7318 --- [           main] w.s.c.ServletWebServerApplicationContext : Root WebApplicationContext: initialization completed in 638 ms
2020-10-18 19:51:48.668  INFO 7318 --- [           main] com.zaxxer.hikari.HikariDataSource       : HikariPool-1 - Starting...
2020-10-18 19:51:48.691  INFO 7318 --- [           main] com.zaxxer.hikari.HikariDataSource       : HikariPool-1 - Start completed.
2020-10-18 19:51:49.076  INFO 7318 --- [           main] liquibase.executor.jvm.JdbcExecutor      : SELECT COUNT(*) FROM trivia.DATABASECHANGELOGLOCK
2020-10-18 19:51:49.079  INFO 7318 --- [           main] liquibase.executor.jvm.JdbcExecutor      : SELECT COUNT(*) FROM trivia.DATABASECHANGELOGLOCK
2020-10-18 19:51:49.081  INFO 7318 --- [           main] liquibase.executor.jvm.JdbcExecutor      : SELECT `LOCKED` FROM trivia.DATABASECHANGELOGLOCK WHERE ID=1
2020-10-18 19:51:49.081  INFO 7318 --- [           main] l.lockservice.StandardLockService        : Waiting for changelog lock....
2020-10-18 19:51:59.083  INFO 7318 --- [           main] liquibase.executor.jvm.JdbcExecutor      : SELECT `LOCKED` FROM trivia.DATABASECHANGELOGLOCK WHERE ID=1
2020-10-18 19:51:59.084  INFO 7318 --- [           main] l.lockservice.StandardLockService        : Waiting for changelog lock....
[[1;34mINFO[m] [1m------------------------------------------------------------------------[m
[[1;34mINFO[m] [1;32mBUILD SUCCESS[m
[[1;34mINFO[m] [1m------------------------------------------------------------------------[m
[[1;34mINFO[m] Total time:  19.797 s
[[1;34mINFO[m] Finished at: 2020-10-18T19:52:06-05:00
[[1;34mINFO[m] [1m------------------------------------------------------------------------[m
